app/build/intermediates/manifest_merge_blame_file/release/manifest-merger-blame-release-report.txt
1<?xml version="1.0" encoding="utf-8"?>
2<manifest xmlns:android="http://schemas.android.com/apk/res/android"
3    package="com.example.matrixcalculator"
4    android:versionCode="1"
5    android:versionName="1.0" >
6
7    <uses-sdk
8        android:minSdkVersion="24"
8-->src\main\AndroidManifest.xml
9        android:targetSdkVersion="33" />
9-->src\main\AndroidManifest.xml
10
11    <application
11-->src\main\AndroidManifest.xml:5:5-46:19
12        android:allowBackup="true"
12-->src\main\AndroidManifest.xml:6:9-35
13        android:appComponentFactory="androidx.core.app.CoreComponentFactory"
13-->[androidx.core:core:1.8.0] AndroidManifest.xml:24:18-86
14        android:dataExtractionRules="@xml/data_extraction_rules"
14-->src\main\AndroidManifest.xml:7:9-65
15        android:extractNativeLibs="false"
16        android:fullBackupContent="@xml/backup_rules"
16-->src\main\AndroidManifest.xml:8:9-54
17        android:icon="@drawable/calculator"
17-->src\main\AndroidManifest.xml:9:9-44
18        android:label="@string/app_name"
18-->src\main\AndroidManifest.xml:10:9-41
19        android:supportsRtl="true"
19-->src\main\AndroidManifest.xml:11:9-35
20        android:theme="@style/AppTheme.NoActionBar" >
20-->src\main\AndroidManifest.xml:12:9-52
21        <activity
21-->src\main\AndroidManifest.xml:14:9-16:40
22            android:name="com.example.matrixcalculator.transpose"
22-->src\main\AndroidManifest.xml:15:13-38
23            android:exported="false" />
23-->src\main\AndroidManifest.xml:16:13-37
24        <activity
24-->src\main\AndroidManifest.xml:17:9-19:40
25            android:name="com.example.matrixcalculator.solutionm"
25-->src\main\AndroidManifest.xml:18:13-38
26            android:exported="false" />
26-->src\main\AndroidManifest.xml:19:13-37
27        <activity
27-->src\main\AndroidManifest.xml:20:9-22:40
28            android:name="com.example.matrixcalculator.multiplication"
28-->src\main\AndroidManifest.xml:21:13-43
29            android:exported="false" />
29-->src\main\AndroidManifest.xml:22:13-37
30        <activity
30-->src\main\AndroidManifest.xml:23:9-25:40
31            android:name="com.example.matrixcalculator.subtration"
31-->src\main\AndroidManifest.xml:24:13-39
32            android:exported="false" />
32-->src\main\AndroidManifest.xml:25:13-37
33        <activity
33-->src\main\AndroidManifest.xml:26:9-28:40
34            android:name="com.example.matrixcalculator.addition"
34-->src\main\AndroidManifest.xml:27:13-37
35            android:exported="false" />
35-->src\main\AndroidManifest.xml:28:13-37
36        <activity
36-->src\main\AndroidManifest.xml:29:9-31:40
37            android:name="com.example.matrixcalculator.determinant"
37-->src\main\AndroidManifest.xml:30:13-40
38            android:exported="false" />
38-->src\main\AndroidManifest.xml:31:13-37
39        <activity
39-->src\main\AndroidManifest.xml:32:9-41:20
40            android:name="com.example.matrixcalculator.spalshActivity"
40-->src\main\AndroidManifest.xml:33:13-43
41            android:exported="true"
41-->src\main\AndroidManifest.xml:34:13-36
42            android:theme="@style/AppTheme.NoActionBar" >
42-->src\main\AndroidManifest.xml:35:13-56
43            <intent-filter>
43-->src\main\AndroidManifest.xml:36:13-40:29
44                <action android:name="android.intent.action.MAIN" />
44-->src\main\AndroidManifest.xml:37:17-69
44-->src\main\AndroidManifest.xml:37:25-66
45
46                <category android:name="android.intent.category.LAUNCHER" />
46-->src\main\AndroidManifest.xml:39:17-77
46-->src\main\AndroidManifest.xml:39:27-74
47            </intent-filter>
48        </activity>
49        <activity
49-->src\main\AndroidManifest.xml:42:9-45:59
50            android:name="com.example.matrixcalculator.MainActivity"
50-->src\main\AndroidManifest.xml:43:13-41
51            android:exported="true"
51-->src\main\AndroidManifest.xml:44:13-36
52            android:theme="@style/AppTheme.NoActionBar" />
52-->src\main\AndroidManifest.xml:45:13-56
53
54        <provider
54-->[androidx.emoji2:emoji2:1.2.0] AndroidManifest.xml:24:9-32:20
55            android:name="androidx.startup.InitializationProvider"
55-->[androidx.emoji2:emoji2:1.2.0] AndroidManifest.xml:25:13-67
56            android:authorities="com.example.matrixcalculator.androidx-startup"
56-->[androidx.emoji2:emoji2:1.2.0] AndroidManifest.xml:26:13-68
57            android:exported="false" >
57-->[androidx.emoji2:emoji2:1.2.0] AndroidManifest.xml:27:13-37
58            <meta-data
58-->[androidx.emoji2:emoji2:1.2.0] AndroidManifest.xml:29:13-31:52
59                android:name="androidx.emoji2.text.EmojiCompatInitializer"
59-->[androidx.emoji2:emoji2:1.2.0] AndroidManifest.xml:30:17-75
60                android:value="androidx.startup" />
60-->[androidx.emoji2:emoji2:1.2.0] AndroidManifest.xml:31:17-49
61            <meta-data
61-->[androidx.lifecycle:lifecycle-process:2.4.1] AndroidManifest.xml:31:13-33:52
62                android:name="androidx.lifecycle.ProcessLifecycleInitializer"
62-->[androidx.lifecycle:lifecycle-process:2.4.1] AndroidManifest.xml:32:17-78
63                android:value="androidx.startup" />
63-->[androidx.lifecycle:lifecycle-process:2.4.1] AndroidManifest.xml:33:17-49
64        </provider>
65    </application>
66
67</manifest>